time="2023-10-09T16:15:03+03:00" level=info msg="create router success!" func="main.main()" file="main.go:19"
time="2023-10-09T16:19:11+03:00" level=info msg="create router success!" func="main.main()" file="main.go:19"
time="2023-10-09T16:19:11+03:00" level=info msg="logger success created!" func="main.start()" file="main.go:34"
time="2023-10-09T16:19:11+03:00" level=info msg="Server started!" func="main.start()" file="main.go:42"
time="2023-10-09T17:43:05+03:00" level=info msg="create router success!" func="main.main()" file="main.go:23"
time="2023-10-09T17:43:05+03:00" level=info msg="start read config!" func="advanced-rest-yt/internal/config.GetConfig.func1()" file="config.go:26"
time="2023-10-09T17:43:05+03:00" level=info msg="create tcp listener" func="main.start()" file="main.go:56"
time="2023-10-09T17:43:05+03:00" level=info msg="logger success created!" func="main.start()" file="main.go:65"
time="2023-10-09T17:43:05+03:00" level=info msg="Server started! on 0.0.0.0:10000" func="main.start()" file="main.go:73"
time="2023-10-09T17:44:07+03:00" level=info msg="create router success!" func="main.main()" file="main.go:23"
time="2023-10-09T17:44:07+03:00" level=info msg="start read config!" func="advanced-rest-yt/internal/config.GetConfig.func1()" file="config.go:26"
time="2023-10-09T17:44:07+03:00" level=info msg="create tcp listener" func="main.start()" file="main.go:56"
time="2023-10-09T17:44:07+03:00" level=info msg="logger success created!" func="main.start()" file="main.go:65"
time="2023-10-09T17:44:07+03:00" level=info msg="Server started! on 0.0.0.0:10000" func="main.start()" file="main.go:73"
time="2023-10-09T17:45:16+03:00" level=info msg="create router success!" func="main.main()" file="main.go:23"
time="2023-10-09T17:45:16+03:00" level=info msg="start read config!" func="advanced-rest-yt/internal/config.GetConfig.func1()" file="config.go:26"
time="2023-10-09T17:45:16+03:00" level=info msg="create tcp listener" func="main.start()" file="main.go:56"
time="2023-10-09T17:45:16+03:00" level=info msg="logger success created!" func="main.start()" file="main.go:65"
time="2023-10-09T17:45:16+03:00" level=info msg="Server started! on 0.0.0.0:10000" func="main.start()" file="main.go:73"
time="2023-10-09T17:45:41+03:00" level=debug msg=hi func="main.main()" file="main.go:21"
time="2023-10-09T17:45:41+03:00" level=info msg="create router success!" func="main.main()" file="main.go:24"
time="2023-10-09T17:45:41+03:00" level=info msg="start read config!" func="advanced-rest-yt/internal/config.GetConfig.func1()" file="config.go:26"
time="2023-10-09T17:45:41+03:00" level=info msg="create tcp listener" func="main.start()" file="main.go:57"
time="2023-10-09T17:45:41+03:00" level=info msg="logger success created!" func="main.start()" file="main.go:66"
time="2023-10-09T17:45:41+03:00" level=info msg="Server started! on 0.0.0.0:10000" func="main.start()" file="main.go:74"
time="2023-10-09T17:46:46+03:00" level=info msg="create router success!" func="main.main()" file="main.go:23"
time="2023-10-09T17:46:46+03:00" level=info msg="start read config!" func="advanced-rest-yt/internal/config.GetConfig.func1()" file="config.go:26"
time="2023-10-09T17:46:46+03:00" level=info msg="create tcp listener" func="main.start()" file="main.go:56"
time="2023-10-09T17:48:40+03:00" level=info msg="create router success!" func="main.main()" file="main.go:23"
time="2023-10-09T17:48:40+03:00" level=info msg="start read config!" func="advanced-rest-yt/internal/config.GetConfig.func1()" file="config.go:26"
time="2023-10-09T17:48:40+03:00" level=info msg="start create socket" func="main.start()" file="main.go:45"
time="2023-10-09T17:48:40+03:00" level=debug msg="socket path: /tmp/go-build3327477671/b001/exe/app.socket" func="main.start()" file="main.go:47"
time="2023-10-09T17:48:40+03:00" level=info msg="create unix socket listener" func="main.start()" file="main.go:49"
time="2023-10-09T17:48:40+03:00" level=debug msg="created socket, listener is: /tmp/go-build3327477671/b001/exe/app.socket" func="main.start()" file="main.go:54"
time="2023-10-09T17:48:40+03:00" level=info msg="logger success created!" func="main.start()" file="main.go:65"
time="2023-10-09T17:48:40+03:00" level=info msg="Server started! on 0.0.0.0:10000" func="main.start()" file="main.go:73"
time="2023-10-10T12:49:56+03:00" level=info msg="create router success!" func="main.main()" file="main.go:23"
time="2023-10-10T12:49:56+03:00" level=info msg="start read config!" func="advanced-rest-yt/internal/config.GetConfig.func1()" file="config.go:26"
time="2023-10-10T12:49:56+03:00" level=info msg="start create socket" func="main.start()" file="main.go:46"
time="2023-10-10T12:49:56+03:00" level=debug msg="socket path: /tmp/go-build1197902130/b001/exe/app.socket" func="main.start()" file="main.go:49"
time="2023-10-10T12:49:56+03:00" level=info msg="create unix socket listener" func="main.start()" file="main.go:51"
time="2023-10-10T12:49:56+03:00" level=info msg="logger success created!" func="main.start()" file="main.go:69"
time="2023-10-10T12:49:56+03:00" level=info msg="created socket, listener is: /tmp/go-build1197902130/b001/exe/app.socket" func="main.start()" file="main.go:77"
time="2023-10-10T12:54:10+03:00" level=info msg="create router success!" func="main.main()" file="main.go:23"
time="2023-10-10T12:54:10+03:00" level=info msg="start read config!" func="advanced-rest-yt/internal/config.GetConfig.func1()" file="config.go:26"
time="2023-10-10T12:54:10+03:00" level=info msg="start create socket" func="main.start()" file="main.go:46"
time="2023-10-10T12:54:10+03:00" level=debug msg="socket path: /home/dmitry/GolandProjects/advanced-rest-yt/build/app.socket" func="main.start()" file="main.go:49"
time="2023-10-10T12:54:10+03:00" level=info msg="create unix socket listener" func="main.start()" file="main.go:51"
time="2023-10-10T12:54:10+03:00" level=info msg="logger success created!" func="main.start()" file="main.go:69"
time="2023-10-10T12:54:10+03:00" level=info msg="created socket, listener is: /home/dmitry/GolandProjects/advanced-rest-yt/build/app.socket" func="main.start()" file="main.go:77"
time="2023-10-10T12:55:58+03:00" level=info msg="create router success!" func="main.main()" file="main.go:23"
time="2023-10-10T12:55:58+03:00" level=info msg="start read config!" func="advanced-rest-yt/internal/config.GetConfig.func1()" file="config.go:26"
time="2023-10-10T12:55:58+03:00" level=info msg="start create socket" func="main.start()" file="main.go:46"
time="2023-10-10T12:55:58+03:00" level=debug msg="socket path: /home/dmitry/GolandProjects/advanced-rest-yt/build/app.socket" func="main.start()" file="main.go:49"
time="2023-10-10T12:55:58+03:00" level=info msg="create unix socket listener" func="main.start()" file="main.go:51"
time="2023-10-10T12:55:58+03:00" level=fatal msg="cant start socket: listen unix /home/dmitry/GolandProjects/advanced-rest-yt/build/app.socket: bind: address already in use" func="main.start()" file="main.go:54"
time="2023-10-10T13:03:57+03:00" level=info msg="create router success!" func="main.main()" file="main.go:23"
time="2023-10-10T13:03:57+03:00" level=info msg="start read config!" func="advanced-rest-yt/internal/config.GetConfig.func1()" file="config.go:26"
time="2023-10-11T12:48:55+03:00" level=info msg="create router success!" func="main.main()" file="main.go:23"
time="2023-10-11T12:48:55+03:00" level=info msg="start read config!" func="advanced-rest-yt/internal/config.GetConfig.func1()" file="config.go:26"
time="2023-10-11T12:48:55+03:00" level=info msg="start detect app path to socket" func="main.start()" file="main.go:41"
time="2023-10-11T12:48:55+03:00" level=debug msg="path is /home/dmitry/GolandProjects/advanced-rest-yt/build" func="main.start()" file="main.go:46"
time="2023-10-11T12:48:55+03:00" level=info msg="start create socket" func="main.start()" file="main.go:48"
time="2023-10-11T12:48:55+03:00" level=debug msg="socket path: /home/dmitry/GolandProjects/advanced-rest-yt/build/app.socket" func="main.start()" file="main.go:50"
time="2023-10-11T12:48:55+03:00" level=info msg="start create unix socket listener" func="main.start()" file="main.go:52"
time="2023-10-11T12:48:55+03:00" level=fatal msg="cant start socket: listen unix /home/dmitry/GolandProjects/advanced-rest-yt/build/app.socket: bind: address already in use" func="main.start()" file="main.go:55"
time="2023-10-11T12:49:27+03:00" level=info msg="create router success!" func="main.main()" file="main.go:23"
time="2023-10-11T12:49:27+03:00" level=info msg="start read config!" func="advanced-rest-yt/internal/config.GetConfig.func1()" file="config.go:26"
time="2023-10-11T12:49:27+03:00" level=info msg="start detect app path to socket" func="main.start()" file="main.go:41"
time="2023-10-11T12:49:27+03:00" level=debug msg="path is /tmp/go-build302792464/b001/exe" func="main.start()" file="main.go:46"
time="2023-10-11T12:49:27+03:00" level=info msg="start create socket" func="main.start()" file="main.go:48"
time="2023-10-11T12:49:27+03:00" level=debug msg="socket path: /tmp/go-build302792464/b001/exe/app.socket" func="main.start()" file="main.go:50"
time="2023-10-11T12:49:27+03:00" level=info msg="start create unix socket listener" func="main.start()" file="main.go:52"
time="2023-10-11T12:49:27+03:00" level=info msg="logger success created!" func="main.start()" file="main.go:69"
time="2023-10-11T12:49:27+03:00" level=info msg="created socket, listener is: /tmp/go-build302792464/b001/exe/app.socket" func="main.start()" file="main.go:77"
time="2023-10-11T12:49:37+03:00" level=info msg="create router success!" func="main.main()" file="main.go:23"
time="2023-10-11T12:49:37+03:00" level=info msg="start read config!" func="advanced-rest-yt/internal/config.GetConfig.func1()" file="config.go:26"
time="2023-10-11T12:49:37+03:00" level=info msg="start detect app path to socket" func="main.start()" file="main.go:41"
time="2023-10-11T12:49:37+03:00" level=debug msg="path is /home/dmitry/GolandProjects/advanced-rest-yt/build" func="main.start()" file="main.go:46"
time="2023-10-11T12:49:37+03:00" level=info msg="start create socket" func="main.start()" file="main.go:48"
time="2023-10-11T12:49:37+03:00" level=debug msg="socket path: /home/dmitry/GolandProjects/advanced-rest-yt/build/app.socket" func="main.start()" file="main.go:50"
time="2023-10-11T12:49:37+03:00" level=info msg="start create unix socket listener" func="main.start()" file="main.go:52"
time="2023-10-11T12:49:37+03:00" level=fatal msg="cant start socket: listen unix /home/dmitry/GolandProjects/advanced-rest-yt/build/app.socket: bind: address already in use" func="main.start()" file="main.go:55"
time="2023-10-11T12:50:48+03:00" level=info msg="create router success!" func="main.main()" file="main.go:23"
time="2023-10-11T12:50:48+03:00" level=info msg="start read config!" func="advanced-rest-yt/internal/config.GetConfig.func1()" file="config.go:26"
time="2023-10-11T12:50:48+03:00" level=info msg="start detect app path to socket" func="main.start()" file="main.go:41"
time="2023-10-11T12:50:48+03:00" level=debug msg="path is /home/dmitry/GolandProjects/advanced-rest-yt/build" func="main.start()" file="main.go:46"
time="2023-10-11T12:50:48+03:00" level=info msg="start create socket" func="main.start()" file="main.go:48"
time="2023-10-11T12:50:48+03:00" level=debug msg="socket path: /home/dmitry/GolandProjects/advanced-rest-yt/build/app.socket" func="main.start()" file="main.go:50"
time="2023-10-11T12:50:48+03:00" level=info msg="start create unix socket listener" func="main.start()" file="main.go:52"
time="2023-10-11T12:50:48+03:00" level=info msg="logger success created!" func="main.start()" file="main.go:69"
time="2023-10-11T12:50:48+03:00" level=info msg="created socket, listener is: /home/dmitry/GolandProjects/advanced-rest-yt/build/app.socket" func="main.start()" file="main.go:77"
time="2023-10-11T12:58:52+03:00" level=info msg="create router success!" func="main.main()" file="main.go:28"
time="2023-10-11T12:58:52+03:00" level=info msg="start read config!" func="advanced-rest-yt/internal/config.GetConfig.func1()" file="config.go:26"
time="2023-10-11T12:58:52+03:00" level=info msg="start detect app path to socket" func="main.start()" file="main.go:46"
time="2023-10-11T12:58:52+03:00" level=debug msg="path is /home/dmitry/GolandProjects/advanced-rest-yt/build" func="main.start()" file="main.go:51"
time="2023-10-11T12:58:52+03:00" level=info msg="start create socket" func="main.start()" file="main.go:53"
time="2023-10-11T12:58:52+03:00" level=debug msg="socket path: /home/dmitry/GolandProjects/advanced-rest-yt/build/app.socket" func="main.start()" file="main.go:55"
time="2023-10-11T12:58:52+03:00" level=info msg="start create unix socket listener" func="main.start()" file="main.go:57"
time="2023-10-11T12:58:52+03:00" level=fatal msg="cant start socket: listen unix /home/dmitry/GolandProjects/advanced-rest-yt/build/app.socket: bind: address already in use" func="main.start()" file="main.go:60"
time="2023-10-11T13:00:00+03:00" level=info msg="create router success!" func="main.main()" file="main.go:28"
time="2023-10-11T13:00:00+03:00" level=info msg="start read config!" func="advanced-rest-yt/internal/config.GetConfig.func1()" file="config.go:26"
time="2023-10-11T13:00:00+03:00" level=info msg="start detect app path to socket" func="main.start()" file="main.go:46"
time="2023-10-11T13:00:00+03:00" level=debug msg="path is /home/dmitry/GolandProjects/advanced-rest-yt/build" func="main.start()" file="main.go:51"
time="2023-10-11T13:00:00+03:00" level=info msg="start create socket" func="main.start()" file="main.go:53"
time="2023-10-11T13:00:00+03:00" level=debug msg="socket path: /home/dmitry/GolandProjects/advanced-rest-yt/build/app.socket" func="main.start()" file="main.go:55"
time="2023-10-11T13:00:00+03:00" level=info msg="start create unix socket listener" func="main.start()" file="main.go:57"
time="2023-10-11T13:00:00+03:00" level=fatal msg="cant start socket: listen unix /home/dmitry/GolandProjects/advanced-rest-yt/build/app.socket: bind: address already in use" func="main.start()" file="main.go:60"
time="2023-10-11T13:10:17+03:00" level=info msg="create router success!" func="main.main()" file="main.go:36"
time="2023-10-11T13:10:17+03:00" level=info msg="start read config!" func="advanced-rest-yt/internal/config.GetConfig.func1()" file="config.go:26"
time="2023-10-11T13:10:17+03:00" level=info msg="start detect app path to socket" func="main.start()" file="main.go:54"
time="2023-10-11T13:10:17+03:00" level=debug msg="path is /home/dmitry/GolandProjects/advanced-rest-yt/build" func="main.start()" file="main.go:59"
time="2023-10-11T13:10:17+03:00" level=info msg="start create socket" func="main.start()" file="main.go:61"
time="2023-10-11T13:10:17+03:00" level=debug msg="socket path: /home/dmitry/GolandProjects/advanced-rest-yt/build/app.socket" func="main.start()" file="main.go:63"
time="2023-10-11T13:10:17+03:00" level=info msg="start create unix socket listener" func="main.start()" file="main.go:65"
time="2023-10-11T13:10:17+03:00" level=info msg="logger success created!" func="main.start()" file="main.go:82"
time="2023-10-11T13:10:17+03:00" level=info msg="created socket, listener is: /home/dmitry/GolandProjects/advanced-rest-yt/build/app.socket" func="main.start()" file="main.go:90"
time="2023-10-11T13:11:12+03:00" level=info msg="create router success!" func="main.main()" file="main.go:36"
time="2023-10-11T13:11:12+03:00" level=info msg="start read config!" func="advanced-rest-yt/internal/config.GetConfig.func1()" file="config.go:26"
time="2023-10-11T13:11:12+03:00" level=info msg="start detect app path to socket" func="main.start()" file="main.go:54"
time="2023-10-11T13:11:12+03:00" level=debug msg="path is /home/dmitry/GolandProjects/advanced-rest-yt/build" func="main.start()" file="main.go:59"
time="2023-10-11T13:11:12+03:00" level=info msg="start create socket" func="main.start()" file="main.go:61"
time="2023-10-11T13:11:12+03:00" level=debug msg="socket path: /home/dmitry/GolandProjects/advanced-rest-yt/build/app.socket" func="main.start()" file="main.go:63"
time="2023-10-11T13:11:12+03:00" level=info msg="start create unix socket listener" func="main.start()" file="main.go:65"
time="2023-10-11T13:11:12+03:00" level=info msg="logger success created!" func="main.start()" file="main.go:82"
time="2023-10-11T13:11:12+03:00" level=info msg="created socket, listener is: /home/dmitry/GolandProjects/advanced-rest-yt/build/app.socket" func="main.start()" file="main.go:90"
time="2023-10-11T13:11:42+03:00" level=info msg="create router success!" func="main.main()" file="main.go:34"
time="2023-10-11T13:11:42+03:00" level=info msg="start read config!" func="advanced-rest-yt/internal/config.GetConfig.func1()" file="config.go:26"
time="2023-10-11T13:11:42+03:00" level=info msg="start detect app path to socket" func="main.start()" file="main.go:52"
time="2023-10-11T13:11:42+03:00" level=debug msg="path is /home/dmitry/GolandProjects/advanced-rest-yt/build" func="main.start()" file="main.go:57"
time="2023-10-11T13:11:42+03:00" level=info msg="start create socket" func="main.start()" file="main.go:59"
time="2023-10-11T13:11:42+03:00" level=debug msg="socket path: /home/dmitry/GolandProjects/advanced-rest-yt/build/app.socket" func="main.start()" file="main.go:61"
time="2023-10-11T13:11:42+03:00" level=info msg="start create unix socket listener" func="main.start()" file="main.go:63"
time="2023-10-11T13:11:42+03:00" level=info msg="logger success created!" func="main.start()" file="main.go:80"
time="2023-10-11T13:11:42+03:00" level=info msg="created socket, listener is: /home/dmitry/GolandProjects/advanced-rest-yt/build/app.socket" func="main.start()" file="main.go:88"
time="2023-10-11T14:42:21+03:00" level=info msg="create router success!" func="main.main()" file="main.go:39"
time="2023-10-11T14:42:21+03:00" level=info msg="start read config!" func="advanced-rest-yt/internal/config.GetConfig.func1()" file="config.go:37"
time="2023-10-11T14:42:57+03:00" level=info msg="create router success!" func="main.main()" file="main.go:39"
time="2023-10-11T14:42:57+03:00" level=info msg="start read config!" func="advanced-rest-yt/internal/config.GetConfig.func1()" file="config.go:37"
time="2023-10-11T14:43:27+03:00" level=debug msg="cant ping mongodb, error is server selection error: server selection timeout, current topology: { Type: Unknown, Servers: [{ Addr: localhost:27017, Type: Unknown, Last error: dial tcp 127.0.0.1:27017: connect: connection refused }, ] }" func="advanced-rest-yt/pkg/client/mongodb.NewClient()" file="mongodb.go:44"
time="2023-10-11T14:44:53+03:00" level=info msg="create router success!" func="main.main()" file="main.go:39"
time="2023-10-11T14:44:53+03:00" level=info msg="start read config!" func="advanced-rest-yt/internal/config.GetConfig.func1()" file="config.go:37"
time="2023-10-11T14:45:23+03:00" level=debug msg="cant ping mongodb, error is server selection error: server selection timeout, current topology: { Type: Unknown, Servers: [{ Addr: localhost:27017, Type: Unknown, Last error: dial tcp 127.0.0.1:27017: connect: connection refused }, ] }" func="advanced-rest-yt/pkg/client/mongodb.NewClient()" file="mongodb.go:44"
time="2023-10-11T14:45:23+03:00" level=fatal msg="cant create client, error: cant connect to mongodb, err: server selection error: server selection timeout, current topology: { Type: Unknown, Servers: [{ Addr: localhost:27017, Type: Unknown, Last error: dial tcp 127.0.0.1:27017: connect: connection refused }, ] }" func="main.main()" file="main.go:58"
time="2023-10-11T14:45:37+03:00" level=info msg="create router success!" func="main.main()" file="main.go:39"
time="2023-10-11T14:45:37+03:00" level=info msg="start read config!" func="advanced-rest-yt/internal/config.GetConfig.func1()" file="config.go:37"
time="2023-10-11T14:46:07+03:00" level=debug msg="cant ping mongodb, error is server selection error: server selection timeout, current topology: { Type: Unknown, Servers: [{ Addr: localhost:27017, Type: Unknown, Last error: dial tcp 127.0.0.1:27017: connect: connection refused }, ] }" func="advanced-rest-yt/pkg/client/mongodb.NewClient()" file="mongodb.go:44"
time="2023-10-11T14:46:07+03:00" level=fatal msg="cant create client, error: cant connect to mongodb, err: server selection error: server selection timeout, current topology: { Type: Unknown, Servers: [{ Addr: localhost:27017, Type: Unknown, Last error: dial tcp 127.0.0.1:27017: connect: connection refused }, ] }" func="main.main()" file="main.go:58"
time="2023-10-11T14:46:49+03:00" level=info msg="create router success!" func="main.main()" file="main.go:39"
time="2023-10-11T14:46:49+03:00" level=info msg="start read config!" func="advanced-rest-yt/internal/config.GetConfig.func1()" file="config.go:37"
time="2023-10-11T14:47:10+03:00" level=info msg="create router success!" func="main.main()" file="main.go:39"
time="2023-10-11T14:47:10+03:00" level=info msg="start read config!" func="advanced-rest-yt/internal/config.GetConfig.func1()" file="config.go:37"
time="2023-10-11T14:47:40+03:00" level=debug msg="cant ping mongodb, error is server selection error: server selection timeout, current topology: { Type: Unknown, Servers: [{ Addr: localhost:27017, Type: Unknown, Last error: dial tcp 127.0.0.1:27017: connect: connection refused }, ] }" func="advanced-rest-yt/pkg/client/mongodb.NewClient()" file="mongodb.go:44"
time="2023-10-11T14:47:40+03:00" level=fatal msg="cant create client, error: cant connect to mongodb, err: server selection error: server selection timeout, current topology: { Type: Unknown, Servers: [{ Addr: localhost:27017, Type: Unknown, Last error: dial tcp 127.0.0.1:27017: connect: connection refused }, ] }" func="main.main()" file="main.go:58"
time="2023-10-11T14:48:09+03:00" level=info msg="create router success!" func="main.main()" file="main.go:39"
time="2023-10-11T14:48:09+03:00" level=info msg="start read config!" func="advanced-rest-yt/internal/config.GetConfig.func1()" file="config.go:37"
time="2023-10-11T14:48:39+03:00" level=debug msg="cant ping mongodb, error is server selection error: server selection timeout, current topology: { Type: Unknown, Servers: [{ Addr: localhost:27017, Type: Unknown, Last error: dial tcp 127.0.0.1:27017: connect: connection refused }, ] }" func="advanced-rest-yt/pkg/client/mongodb.NewClient()" file="mongodb.go:44"
time="2023-10-11T14:48:39+03:00" level=fatal msg="cant create client, error: cant connect to mongodb, err: server selection error: server selection timeout, current topology: { Type: Unknown, Servers: [{ Addr: localhost:27017, Type: Unknown, Last error: dial tcp 127.0.0.1:27017: connect: connection refused }, ] }" func="main.main()" file="main.go:58"
time="2023-10-11T14:48:57+03:00" level=info msg="create router success!" func="main.main()" file="main.go:39"
time="2023-10-11T14:48:57+03:00" level=info msg="start read config!" func="advanced-rest-yt/internal/config.GetConfig.func1()" file="config.go:37"
time="2023-10-11T14:49:39+03:00" level=info msg="create router success!" func="main.main()" file="main.go:39"
time="2023-10-11T14:49:39+03:00" level=info msg="start read config!" func="advanced-rest-yt/internal/config.GetConfig.func1()" file="config.go:37"
time="2023-10-11T15:41:46+03:00" level=info msg="create router success!" func="main.main()" file="main.go:39"
time="2023-10-11T15:41:46+03:00" level=info msg="start read config!" func="advanced-rest-yt/internal/config.GetConfig.func1()" file="config.go:37"
time="2023-10-11T15:41:46+03:00" level=debug msg="create user" func="advanced-rest-yt/internal/user/db.(*db).Create()" file="mongodb.go:27"
time="2023-10-11T15:41:46+03:00" level=info msg="cant get user, err: client is disconnected" func="advanced-rest-yt/internal/user/db.(*db).Create()" file="mongodb.go:30"
time="2023-10-11T15:46:26+03:00" level=info msg="create router success!" func="main.main()" file="main.go:39"
time="2023-10-11T15:46:26+03:00" level=info msg="start read config!" func="advanced-rest-yt/internal/config.GetConfig.func1()" file="config.go:37"
time="2023-10-11T15:46:26+03:00" level=debug msg="create user" func="advanced-rest-yt/internal/user/db.(*db).Create()" file="mongodb.go:27"
time="2023-10-11T15:46:26+03:00" level=debug msg="convert InsertedID to primitive.ObjectID" func="advanced-rest-yt/internal/user/db.(*db).Create()" file="mongodb.go:34"
time="2023-10-11T15:46:26+03:00" level=info msg="created user, id: 652699222e181c4337fe888a" func="main.main()" file="main.go:63"
time="2023-10-11T15:46:26+03:00" level=info msg="start detect app path to socket" func="main.start()" file="main.go:87"
time="2023-10-11T15:46:26+03:00" level=debug msg="path is /home/dmitry/GolandProjects/advanced-rest-yt/build" func="main.start()" file="main.go:92"
time="2023-10-11T15:46:26+03:00" level=info msg="start create socket" func="main.start()" file="main.go:94"
time="2023-10-11T15:46:26+03:00" level=debug msg="socket path: /home/dmitry/GolandProjects/advanced-rest-yt/build/app.socket" func="main.start()" file="main.go:96"
time="2023-10-11T15:46:26+03:00" level=info msg="start create unix socket listener" func="main.start()" file="main.go:98"
time="2023-10-11T15:46:26+03:00" level=info msg="logger success created!" func="main.start()" file="main.go:115"
time="2023-10-11T15:46:26+03:00" level=info msg="created socket, listener is: /home/dmitry/GolandProjects/advanced-rest-yt/build/app.socket" func="main.start()" file="main.go:123"
time="2023-10-11T15:53:43+03:00" level=info msg="create router success!" func="main.main()" file="main.go:39"
time="2023-10-11T15:53:43+03:00" level=info msg="start read config!" func="advanced-rest-yt/internal/config.GetConfig.func1()" file="config.go:37"
time="2023-10-11T15:53:43+03:00" level=debug msg="create user" func="advanced-rest-yt/internal/user/db.(*db).Create()" file="mongodb.go:27"
time="2023-10-11T15:53:43+03:00" level=debug msg="convert InsertedID to primitive.ObjectID" func="advanced-rest-yt/internal/user/db.(*db).Create()" file="mongodb.go:34"
time="2023-10-11T15:53:43+03:00" level=info msg="created user, id: 65269ad73bdf889531111a0a" func="main.main()" file="main.go:62"
time="2023-10-11T15:53:43+03:00" level=info msg="finded user is: {652699222e181c4337fe888a mail@mail.com fids r23c}" func="main.main()" file="main.go:68"
time="2023-10-11T15:53:43+03:00" level=info msg="start detect app path to socket" func="main.start()" file="main.go:92"
time="2023-10-11T15:53:43+03:00" level=debug msg="path is /home/dmitry/GolandProjects/advanced-rest-yt/build" func="main.start()" file="main.go:97"
time="2023-10-11T15:53:43+03:00" level=info msg="start create socket" func="main.start()" file="main.go:99"
time="2023-10-11T15:53:43+03:00" level=debug msg="socket path: /home/dmitry/GolandProjects/advanced-rest-yt/build/app.socket" func="main.start()" file="main.go:101"
time="2023-10-11T15:53:43+03:00" level=info msg="start create unix socket listener" func="main.start()" file="main.go:103"
time="2023-10-11T15:53:43+03:00" level=info msg="logger success created!" func="main.start()" file="main.go:120"
time="2023-10-11T15:53:43+03:00" level=info msg="created socket, listener is: /home/dmitry/GolandProjects/advanced-rest-yt/build/app.socket" func="main.start()" file="main.go:128"
time="2023-10-11T16:11:59+03:00" level=info msg="create router success!" func="main.main()" file="main.go:39"
time="2023-10-11T16:11:59+03:00" level=info msg="start read config!" func="advanced-rest-yt/internal/config.GetConfig.func1()" file="config.go:37"
time="2023-10-11T16:11:59+03:00" level=debug msg="create user" func="advanced-rest-yt/internal/user/db.(*db).Create()" file="mongodb.go:27"
time="2023-10-11T16:11:59+03:00" level=debug msg="convert InsertedID to primitive.ObjectID" func="advanced-rest-yt/internal/user/db.(*db).Create()" file="mongodb.go:34"
time="2023-10-11T16:11:59+03:00" level=info msg="created user, id: 65269f1f7dce5f9d0258d1b0" func="main.testDatabase()" file="main.go:72"
time="2023-10-11T16:11:59+03:00" level=info msg="finded user is: {65269f1f7dce5f9d0258d1b0 mail@mail.com fids r23c}" func="main.testDatabase()" file="main.go:78"
time="2023-10-11T16:11:59+03:00" level=trace msg="Matched 1 docs, modify 1" func="advanced-rest-yt/internal/user/db.(*db).Update()" file="mongodb.go:106"
time="2023-10-11T16:11:59+03:00" level=info msg="user was updated" func="main.testDatabase()" file="main.go:85"
time="2023-10-11T16:11:59+03:00" level=trace msg="Deleted 1 docs" func="advanced-rest-yt/internal/user/db.(*db).Delete()" file="mongodb.go:129"
time="2023-10-11T16:11:59+03:00" level=info msg="start detect app path to socket" func="main.start()" file="main.go:110"
time="2023-10-11T16:11:59+03:00" level=debug msg="path is /home/dmitry/GolandProjects/advanced-rest-yt/build" func="main.start()" file="main.go:115"
time="2023-10-11T16:11:59+03:00" level=info msg="start create socket" func="main.start()" file="main.go:117"
time="2023-10-11T16:11:59+03:00" level=debug msg="socket path: /home/dmitry/GolandProjects/advanced-rest-yt/build/app.socket" func="main.start()" file="main.go:119"
time="2023-10-11T16:11:59+03:00" level=info msg="start create unix socket listener" func="main.start()" file="main.go:121"
time="2023-10-11T16:11:59+03:00" level=info msg="logger success created!" func="main.start()" file="main.go:138"
time="2023-10-11T16:11:59+03:00" level=info msg="created socket, listener is: /home/dmitry/GolandProjects/advanced-rest-yt/build/app.socket" func="main.start()" file="main.go:146"
time="2023-10-11T16:13:27+03:00" level=info msg="create router success!" func="main.main()" file="main.go:39"
time="2023-10-11T16:13:27+03:00" level=info msg="start read config!" func="advanced-rest-yt/internal/config.GetConfig.func1()" file="config.go:37"
time="2023-10-11T16:13:27+03:00" level=debug msg="create user" func="advanced-rest-yt/internal/user/db.(*db).Create()" file="mongodb.go:27"
time="2023-10-11T16:13:27+03:00" level=debug msg="convert InsertedID to primitive.ObjectID" func="advanced-rest-yt/internal/user/db.(*db).Create()" file="mongodb.go:34"
time="2023-10-11T16:13:27+03:00" level=info msg="created user, id: 65269f7737128c7457afb5e6" func="main.testDatabase()" file="main.go:72"
time="2023-10-11T16:13:27+03:00" level=info msg="finded user is: {65269f7737128c7457afb5e6 mail@mail.com fids r23c}" func="main.testDatabase()" file="main.go:78"
time="2023-10-11T16:13:27+03:00" level=trace msg="Matched 1 docs, modify 1" func="advanced-rest-yt/internal/user/db.(*db).Update()" file="mongodb.go:106"
time="2023-10-11T16:13:27+03:00" level=info msg="user was updated" func="main.testDatabase()" file="main.go:85"
time="2023-10-11T16:13:27+03:00" level=trace msg="Deleted 1 docs" func="advanced-rest-yt/internal/user/db.(*db).Delete()" file="mongodb.go:129"
time="2023-10-11T16:13:27+03:00" level=trace msg="Deleted 1 docs" func="advanced-rest-yt/internal/user/db.(*db).Delete()" file="mongodb.go:129"
time="2023-10-11T16:13:27+03:00" level=info msg="start detect app path to socket" func="main.start()" file="main.go:111"
time="2023-10-11T16:13:27+03:00" level=debug msg="path is /tmp/go-build23362964/b001/exe" func="main.start()" file="main.go:116"
time="2023-10-11T16:13:27+03:00" level=info msg="start create socket" func="main.start()" file="main.go:118"
time="2023-10-11T16:13:27+03:00" level=debug msg="socket path: /tmp/go-build23362964/b001/exe/app.socket" func="main.start()" file="main.go:120"
time="2023-10-11T16:13:27+03:00" level=info msg="start create unix socket listener" func="main.start()" file="main.go:122"
time="2023-10-11T16:13:27+03:00" level=info msg="logger success created!" func="main.start()" file="main.go:139"
time="2023-10-11T16:13:27+03:00" level=info msg="created socket, listener is: /tmp/go-build23362964/b001/exe/app.socket" func="main.start()" file="main.go:147"
time="2023-10-11T16:15:18+03:00" level=info msg="create router success!" func="main.main()" file="main.go:39"
time="2023-10-11T16:15:18+03:00" level=info msg="start read config!" func="advanced-rest-yt/internal/config.GetConfig.func1()" file="config.go:37"
time="2023-10-11T16:15:23+03:00" level=debug msg="create user" func="advanced-rest-yt/internal/user/db.(*db).Create()" file="mongodb.go:27"
time="2023-10-11T16:15:23+03:00" level=debug msg="convert InsertedID to primitive.ObjectID" func="advanced-rest-yt/internal/user/db.(*db).Create()" file="mongodb.go:34"
time="2023-10-11T16:15:41+03:00" level=info msg="created user, id: 65269feb0b938761bd0cb868" func="main.testDatabase()" file="main.go:72"
time="2023-10-11T16:15:58+03:00" level=info msg="finded user is: {65269feb0b938761bd0cb868 mail@mail.com fids r23c}" func="main.testDatabase()" file="main.go:78"
time="2023-10-11T16:16:07+03:00" level=trace msg="Matched 1 docs, modify 1" func="advanced-rest-yt/internal/user/db.(*db).Update()" file="mongodb.go:106"
time="2023-10-11T16:16:18+03:00" level=info msg="user was updated" func="main.testDatabase()" file="main.go:85"
time="2023-10-11T16:17:14+03:00" level=info msg="create router success!" func="main.main()" file="main.go:39"
time="2023-10-11T16:17:14+03:00" level=info msg="start read config!" func="advanced-rest-yt/internal/config.GetConfig.func1()" file="config.go:37"
time="2023-10-11T16:17:14+03:00" level=debug msg="create user" func="advanced-rest-yt/internal/user/db.(*db).Create()" file="mongodb.go:27"
time="2023-10-11T16:17:14+03:00" level=debug msg="convert InsertedID to primitive.ObjectID" func="advanced-rest-yt/internal/user/db.(*db).Create()" file="mongodb.go:34"
time="2023-10-11T16:17:14+03:00" level=info msg="created user, id: 6526a05aac561da87e226fa0" func="main.testDatabase()" file="main.go:72"
time="2023-10-11T16:17:14+03:00" level=info msg="finded user is: {6526a05aac561da87e226fa0 mail@mail.com fids r23c}" func="main.testDatabase()" file="main.go:78"
time="2023-10-11T16:17:14+03:00" level=trace msg="Matched 1 docs, modify 1" func="advanced-rest-yt/internal/user/db.(*db).Update()" file="mongodb.go:106"
time="2023-10-11T16:17:14+03:00" level=info msg="user was updated" func="main.testDatabase()" file="main.go:85"
time="2023-10-11T16:17:14+03:00" level=trace msg="Deleted 1 docs" func="advanced-rest-yt/internal/user/db.(*db).Delete()" file="mongodb.go:129"
time="2023-10-11T16:17:14+03:00" level=info msg="start detect app path to socket" func="main.start()" file="main.go:111"
time="2023-10-11T16:17:14+03:00" level=debug msg="path is /home/dmitry/GolandProjects/advanced-rest-yt/build" func="main.start()" file="main.go:116"
time="2023-10-11T16:17:14+03:00" level=info msg="start create socket" func="main.start()" file="main.go:118"
time="2023-10-11T16:17:14+03:00" level=debug msg="socket path: /home/dmitry/GolandProjects/advanced-rest-yt/build/app.socket" func="main.start()" file="main.go:120"
time="2023-10-11T16:17:14+03:00" level=info msg="start create unix socket listener" func="main.start()" file="main.go:122"
time="2023-10-11T16:17:14+03:00" level=info msg="logger success created!" func="main.start()" file="main.go:139"
time="2023-10-11T16:17:14+03:00" level=info msg="created socket, listener is: /home/dmitry/GolandProjects/advanced-rest-yt/build/app.socket" func="main.start()" file="main.go:147"
time="2023-10-11T16:53:29+03:00" level=info msg="create router success!" func="main.main()" file="main.go:39"
time="2023-10-11T16:53:29+03:00" level=info msg="start read config!" func="advanced-rest-yt/internal/config.GetConfig.func1()" file="config.go:37"
time="2023-10-11T16:53:29+03:00" level=debug msg="create user" func="advanced-rest-yt/internal/user/db.(*db).Create()" file="mongodb.go:27"
time="2023-10-11T16:53:29+03:00" level=debug msg="convert InsertedID to primitive.ObjectID" func="advanced-rest-yt/internal/user/db.(*db).Create()" file="mongodb.go:34"
time="2023-10-11T16:53:29+03:00" level=info msg="created user, id: 6526a8d9b039a752b7d368bc" func="main.testDatabase()" file="main.go:72"
time="2023-10-11T16:53:29+03:00" level=info msg="finded user is: {6526a8d9b039a752b7d368bc mail@mail.com fids r23c}" func="main.testDatabase()" file="main.go:78"
time="2023-10-11T16:53:29+03:00" level=trace msg="Matched 1 docs, modify 1" func="advanced-rest-yt/internal/user/db.(*db).Update()" file="mongodb.go:121"
time="2023-10-11T16:53:29+03:00" level=info msg="user was updated" func="main.testDatabase()" file="main.go:85"
time="2023-10-11T16:53:29+03:00" level=trace msg="Deleted 1 docs" func="advanced-rest-yt/internal/user/db.(*db).Delete()" file="mongodb.go:144"
time="2023-10-11T16:53:29+03:00" level=info msg="start detect app path to socket" func="main.start()" file="main.go:116"
time="2023-10-11T16:53:29+03:00" level=debug msg="path is /tmp/go-build4216281472/b001/exe" func="main.start()" file="main.go:121"
time="2023-10-11T16:53:29+03:00" level=info msg="start create socket" func="main.start()" file="main.go:123"
time="2023-10-11T16:53:29+03:00" level=debug msg="socket path: /tmp/go-build4216281472/b001/exe/app.socket" func="main.start()" file="main.go:125"
time="2023-10-11T16:53:29+03:00" level=info msg="start create unix socket listener" func="main.start()" file="main.go:127"
time="2023-10-11T16:53:29+03:00" level=info msg="logger success created!" func="main.start()" file="main.go:144"
time="2023-10-11T16:53:29+03:00" level=info msg="created socket, listener is: /tmp/go-build4216281472/b001/exe/app.socket" func="main.start()" file="main.go:152"
time="2023-10-11T16:54:17+03:00" level=info msg="create router success!" func="main.main()" file="main.go:39"
time="2023-10-11T16:54:17+03:00" level=info msg="start read config!" func="advanced-rest-yt/internal/config.GetConfig.func1()" file="config.go:37"
time="2023-10-11T16:54:39+03:00" level=debug msg="create user" func="advanced-rest-yt/internal/user/db.(*db).Create()" file="mongodb.go:27"
time="2023-10-11T16:54:39+03:00" level=debug msg="convert InsertedID to primitive.ObjectID" func="advanced-rest-yt/internal/user/db.(*db).Create()" file="mongodb.go:34"
time="2023-10-11T16:54:41+03:00" level=info msg="created user, id: 6526a91f17ffc614be898428" func="main.testDatabase()" file="main.go:72"
time="2023-10-11T16:54:41+03:00" level=info msg="finded user is: {6526a91f17ffc614be898428 mail@mail.com fids r23c}" func="main.testDatabase()" file="main.go:78"
time="2023-10-11T16:55:15+03:00" level=info msg="create router success!" func="main.main()" file="main.go:39"
time="2023-10-11T16:55:15+03:00" level=info msg="start read config!" func="advanced-rest-yt/internal/config.GetConfig.func1()" file="config.go:37"
time="2023-10-11T16:55:32+03:00" level=debug msg="create user" func="advanced-rest-yt/internal/user/db.(*db).Create()" file="mongodb.go:27"
time="2023-10-11T16:55:32+03:00" level=debug msg="convert InsertedID to primitive.ObjectID" func="advanced-rest-yt/internal/user/db.(*db).Create()" file="mongodb.go:34"
time="2023-10-11T16:55:32+03:00" level=info msg="created user, id: 6526a954e1286eadafd03863" func="main.testDatabase()" file="main.go:72"
time="2023-10-11T16:55:32+03:00" level=info msg="finded user is: {6526a954e1286eadafd03863 mail@mail.com fids r23c}" func="main.testDatabase()" file="main.go:78"
time="2023-10-11T16:55:32+03:00" level=trace msg="Matched 1 docs, modify 1" func="advanced-rest-yt/internal/user/db.(*db).Update()" file="mongodb.go:121"
time="2023-10-11T16:55:32+03:00" level=info msg="user was updated" func="main.testDatabase()" file="main.go:85"
time="2023-10-11T16:55:32+03:00" level=trace msg="Deleted 1 docs" func="advanced-rest-yt/internal/user/db.(*db).Delete()" file="mongodb.go:144"
